<?xml version="1.0" encoding="UTF-8"?>
<testng-results skipped="0" failed="0" ignored="0" total="1" passed="1">
  <reporter-output>
  </reporter-output>
  <suite name="Default suite" duration-ms="57598" started-at="2020-05-22T12:31:38 IST" finished-at="2020-05-22T12:32:36 IST">
    <groups>
    </groups>
    <test name="Default test" duration-ms="57598" started-at="2020-05-22T12:31:38 IST" finished-at="2020-05-22T12:32:36 IST">
      <class name="com.mirketa.testcase.SalesForceLoginTest">
        <test-method status="PASS" signature="setUp()[pri:0, instance:com.mirketa.testcase.SalesForceLoginTest@23faf8f2]" name="setUp" is-config="true" duration-ms="24524" started-at="2020-05-22T12:31:38 IST" finished-at="2020-05-22T12:32:03 IST">
          <reporter-output>
          </reporter-output>
        </test-method> <!-- setUp -->
        <test-method status="PASS" signature="TestLoginPage()[pri:0, instance:com.mirketa.testcase.SalesForceLoginTest@23faf8f2]" name="TestLoginPage" duration-ms="30217" started-at="2020-05-22T12:32:03 IST" finished-at="2020-05-22T12:32:33 IST">
          <reporter-output>
          </reporter-output>
        </test-method> <!-- TestLoginPage -->
        <test-method status="PASS" signature="teardown(org.testng.ITestResult)[pri:0, instance:com.mirketa.testcase.SalesForceLoginTest@23faf8f2]" name="teardown" is-config="true" duration-ms="2781" started-at="2020-05-22T12:32:33 IST" finished-at="2020-05-22T12:32:36 IST">
          <params>
            <param index="0">
              <value>
                <![CDATA[[TestResult name=TestLoginPage status=SUCCESS method=SalesForceLoginTest.TestLoginPage()[pri:0, instance:com.mirketa.testcase.SalesForceLoginTest@23faf8f2] output={null}]]]>
              </value>
            </param>
          </params>
          <reporter-output>
          </reporter-output>
        </test-method> <!-- teardown -->
      </class> <!-- com.mirketa.testcase.SalesForceLoginTest -->
    </test> <!-- Default test -->
  </suite> <!-- Default suite -->
</testng-results>
